<?xml version="1.0" encoding="UTF-8"?>
<!-- Generated by org.testng.reporters.JUnitXMLReporter -->
<testsuite ignored="0" hostname="Alex-PC" failures="0" tests="3" name="Command line test" time="0.067" errors="0" timestamp="2023-06-10T02:20:54 EEST">
  <testcase classname="com.itfactory.DreptunghiTest" name="testCalculeazaPerimetru" time="0.01"/>
  <testcase classname="com.itfactory.PatratTest" name="testCalculeazaPerimetru" time="0.006"/>
  <testcase classname="com.itfactory.TriunghiTest" name="testCalculeazaPerimetru" time="0.001"/>
</testsuite> <!-- Command line test -->
